#
# A fatal error has been detected by the Java Runtime Environment:
#
#  EXCEPTION_ACCESS_VIOLATION (0xc0000005) at pc=0x0000000002f8e43f, pid=12928, tid=0x0000000000001908
#
# JRE version: Java(TM) SE Runtime Environment (8.0_251-b08) (build 1.8.0_251-b08)
# Java VM: Java HotSpot(TM) 64-Bit Server VM (25.251-b08 mixed mode windows-amd64 compressed oops)
# Problematic frame:
# j  org.apache.catalina.startup.TldConfig.tldScanJar(Ljava/net/JarURLConnection;)V+136
#
# Failed to write core dump. Minidumps are not enabled by default on client versions of Windows
#
# If you would like to submit a bug report, please visit:
#   http://bugreport.java.com/bugreport/crash.jsp
#

---------------  T H R E A D  ---------------

Current thread (0x00000000245b8000):  JavaThread "localhost-startStop-1" daemon [_thread_in_Java, id=6408, stack(0x00000000214a0000,0x00000000215a0000)]

siginfo: ExceptionCode=0xc0000005, writing address 0x00000000ffffffd2

Registers:
RAX=0x0000000000000e59, RBX=0x0000000000000000, RCX=0x0000000000000120, RDX=0xffffffffffffff89
RSP=0x000000002159e750, RBP=0x000000002159e790, RSI=0x000000000000003b, RDI=0x00000000dbb8c4e8
R8 =0x0000000011f03000, R9 =0x00000000dbb7fc50, R10=0x00000000613a6160, R11=0x00000000dbb8c610
R12=0x0000000000000000, R13=0x0000000026713e28, R14=0x000000002159e7e0, R15=0x00000000245b8000
RIP=0x0000000002f8e43f, EFLAGS=0x0000000000010206

Top of Stack: (sp=0x000000002159e750)
0x000000002159e750:   000000002159e750 0000000026713e98
0x000000002159e760:   000000002159e7e0 00000000267147d0
0x000000002159e770:   0000000000000000 0000000026713fc8
0x000000002159e780:   0000000000000000 000000002159e7d8
0x000000002159e790:   000000002159e828 0000000002f683fd
0x000000002159e7a0:   0000000000000000 0000000000000000
0x000000002159e7b0:   0000000000000000 0000000000000000
0x000000002159e7c0:   00000000dbb8c610 0000000000000000
0x000000002159e7d0:   00000000dbb7f5b0 00000000dbb7ed08
0x000000002159e7e0:   0000000085435518 000000002159e7e8
0x000000002159e7f0:   00000000267144fa 000000002159e840
0x000000002159e800:   00000000267147d0 0000000000000000
0x000000002159e810:   0000000026714520 000000002159e7d8
0x000000002159e820:   000000002159e838 000000002159e888
0x000000002159e830:   0000000002f683fd 00000000dbb7ed08
0x000000002159e840:   0000000085435518 000000002159e848 

Instructions: (pc=0x0000000002f8e43f)
0x0000000002f8e41f:   83 e0 00 00 00 81 e0 f8 1f 00 00 0f 84 d0 01 00
0x0000000002f8e42f:   00 e9 19 00 00 00 48 8b 49 18 8b 41 0c 83 c0 08
0x0000000002f8e43f:   89 41 0c 81 e0 f8 1f 00 00 0f 84 b2 01 00 00 41
0x0000000002f8e44f:   0f b6 5d 00 49 ba 60 61 3a 61 00 00 00 00 41 ff 


Register to memory mapping:

RAX=0x0000000000000e59 is an unknown value
RBX=0x0000000000000000 is an unknown value
RCX=0x0000000000000120 is an unknown value
RDX=0xffffffffffffff89 is an unknown value
RSP=0x000000002159e750 is pointing into the stack for thread: 0x00000000245b8000
RBP=0x000000002159e790 is pointing into the stack for thread: 0x00000000245b8000
RSI=0x000000000000003b is an unknown value
RDI=0x00000000dbb8c4e8 is an oop
java.util.zip.ZipEntry 
 - klass: 'java/util/zip/ZipEntry'
R8 =0x0000000011f03000 is an unknown value
R9 =0x00000000dbb7fc50 is an oop
sun.net.www.protocol.jar.URLJarFile 
 - klass: 'sun/net/www/protocol/jar/URLJarFile'
R10=0x00000000613a6160 is an unknown value
R11=0x00000000dbb8c610 is an oop
java.lang.String 
 - klass: 'java/lang/String'
R12=0x0000000000000000 is an unknown value
R13=0x0000000026713e28 is pointing into metadata
R14=0x000000002159e7e0 is pointing into the stack for thread: 0x00000000245b8000
R15=0x00000000245b8000 is a thread


Stack: [0x00000000214a0000,0x00000000215a0000],  sp=0x000000002159e750,  free space=1017k
Native frames: (J=compiled Java code, j=interpreted, Vv=VM code, C=native code)
C  0x0000000002f8e43f


---------------  P R O C E S S  ---------------

Java Threads: ( => current thread )
=>0x00000000245b8000 JavaThread "localhost-startStop-1" daemon [_thread_in_Java, id=6408, stack(0x00000000214a0000,0x00000000215a0000)]
  0x000000001d46e800 JavaThread "Tomcat-startStop-1" daemon [_thread_blocked, id=4860, stack(0x000000001ff10000,0x0000000020010000)]
  0x0000000019d44000 JavaThread "Service Thread" daemon [_thread_blocked, id=10112, stack(0x000000001aaf0000,0x000000001abf0000)]
  0x0000000019ca6800 JavaThread "C1 CompilerThread3" daemon [_thread_blocked, id=2152, stack(0x000000001a9f0000,0x000000001aaf0000)]
  0x0000000019ca5000 JavaThread "C2 CompilerThread2" daemon [_thread_blocked, id=12684, stack(0x000000001a8f0000,0x000000001a9f0000)]
  0x0000000019ca4000 JavaThread "C2 CompilerThread1" daemon [_thread_blocked, id=552, stack(0x000000001a7f0000,0x000000001a8f0000)]
  0x0000000019c9f800 JavaThread "C2 CompilerThread0" daemon [_thread_blocked, id=892, stack(0x000000001a6f0000,0x000000001a7f0000)]
  0x0000000019c39800 JavaThread "JDWP Command Reader" daemon [_thread_in_native, id=6856, stack(0x000000001a5f0000,0x000000001a6f0000)]
  0x0000000019c32800 JavaThread "JDWP Event Helper Thread" daemon [_thread_blocked, id=9388, stack(0x000000001a4f0000,0x000000001a5f0000)]
  0x0000000019c29000 JavaThread "JDWP Transport Listener: dt_socket" daemon [_thread_blocked, id=4208, stack(0x000000001a3f0000,0x000000001a4f0000)]
  0x0000000019bc5800 JavaThread "Attach Listener" daemon [_thread_blocked, id=11388, stack(0x000000001a2f0000,0x000000001a3f0000)]
  0x0000000019bc4800 JavaThread "Signal Dispatcher" daemon [_thread_blocked, id=1668, stack(0x000000001a1f0000,0x000000001a2f0000)]
  0x0000000019bb1800 JavaThread "Finalizer" daemon [_thread_blocked, id=4476, stack(0x000000001a090000,0x000000001a190000)]
  0x0000000019bb0800 JavaThread "Reference Handler" daemon [_thread_blocked, id=12264, stack(0x0000000019f90000,0x000000001a090000)]
  0x0000000002e63000 JavaThread "main" [_thread_blocked, id=10852, stack(0x0000000002bf0000,0x0000000002cf0000)]

Other Threads:
  0x0000000017dba800 VMThread [stack: 0x0000000019a90000,0x0000000019b90000] [id=2592]
  0x0000000019d56800 WatcherThread [stack: 0x000000001abf0000,0x000000001acf0000] [id=6780]

VM state:not at safepoint (normal execution)

VM Mutex/Monitor currently owned by a thread: None

heap address: 0x0000000083a00000, size: 1990 MB, Compressed Oops mode: 32-bit
Narrow klass base: 0x0000000000000000, Narrow klass shift: 3
Compressed class space size: 1073741824 Address: 0x0000000100000000

Heap:
 PSYoungGen      total 222720K, used 103806K [0x00000000d6900000, 0x00000000e5e00000, 0x0000000100000000)
  eden space 199168K, 43% used [0x00000000d6900000,0x00000000dbca6ad8,0x00000000e2b80000)
  from space 23552K, 77% used [0x00000000e4400000,0x00000000e55b9050,0x00000000e5b00000)
  to   space 25088K, 0% used [0x00000000e2b80000,0x00000000e2b80000,0x00000000e4400000)
 ParOldGen       total 60928K, used 44167K [0x0000000083a00000, 0x0000000087580000, 0x00000000d6900000)
  object space 60928K, 72% used [0x0000000083a00000,0x0000000086521fc0,0x0000000087580000)
 Metaspace       used 30468K, capacity 31086K, committed 31152K, reserved 1077248K
  class space    used 3561K, capacity 3720K, committed 3760K, reserved 1048576K

Card table byte_map: [0x0000000012320000,0x0000000012710000] byte_map_base: 0x0000000011f03000

Marking Bits: (ParMarkBitMap*) 0x00000000613baf90
 Begin Bits: [0x00000000131b0000, 0x00000000150c8000)
 End Bits:   [0x00000000150c8000, 0x0000000016fe0000)

Polling page: 0x00000000007f0000

CodeCache: size=245760Kb used=16244Kb max_used=16257Kb free=229516Kb
 bounds [0x0000000002f60000, 0x0000000003f60000, 0x0000000011f60000]
 total_blobs=4760 nmethods=4327 adapters=353
 compilation: enabled

Compilation events (10 events):
Event: 7.130 Thread 0x0000000019ca6800 4950       3       java.net.URLClassLoader$1::run (5 bytes)
Event: 7.130 Thread 0x0000000019ca6800 nmethod 4950 0x0000000003f062d0 code [0x0000000003f06440, 0x0000000003f065c8]
Event: 7.134 Thread 0x0000000019ca5000 4951       4       sun.reflect.ClassFileAssembler::emitShort (24 bytes)
Event: 7.135 Thread 0x0000000019ca4000 4952  s    4       java.lang.StringBuffer::toString (36 bytes)
Event: 7.137 Thread 0x0000000019ca5000 nmethod 4951 0x0000000003f34a90 code [0x0000000003f34c00, 0x0000000003f350b8]
Event: 7.138 Thread 0x0000000019ca4000 nmethod 4952 0x0000000003ef9550 code [0x0000000003ef96a0, 0x0000000003ef9bf8]
Event: 7.138 Thread 0x0000000019c9f800 4953       4       java.util.Properties$LineReader::readLine (468 bytes)
Event: 7.142 Thread 0x0000000019ca6800 4954   !   3       com.intellij.rt.debugger.agent.CaptureAgent$CaptureTransformer::transform (194 bytes)
Event: 7.143 Thread 0x0000000019ca5000 4955 %     4       org.apache.tomcat.util.file.Matcher::tokenizePathAsArray @ 75 (237 bytes)
Event: 7.144 Thread 0x0000000019ca6800 nmethod 4954 0x0000000003f2cbd0 code [0x0000000003f2d020, 0x0000000003f2f558]

GC Heap History (10 events):
Event: 5.833 GC heap before
{Heap before GC invocations=9 (full 1):
 PSYoungGen      total 73728K, used 73719K [0x00000000d6900000, 0x00000000de280000, 0x0000000100000000)
  eden space 64000K, 100% used [0x00000000d6900000,0x00000000da780000,0x00000000da780000)
  from space 9728K, 99% used [0x00000000da780000,0x00000000db0fdf48,0x00000000db100000)
  to   space 11776K, 0% used [0x00000000dd700000,0x00000000dd700000,0x00000000de280000)
 ParOldGen       total 60928K, used 11247K [0x0000000083a00000, 0x0000000087580000, 0x00000000d6900000)
  object space 60928K, 18% used [0x0000000083a00000,0x00000000844fbf80,0x0000000087580000)
 Metaspace       used 29795K, capacity 30454K, committed 30512K, reserved 1077248K
  class space    used 3491K, capacity 3617K, committed 3632K, reserved 1048576K
Event: 5.846 GC heap after
Heap after GC invocations=9 (full 1):
 PSYoungGen      total 108544K, used 11760K [0x00000000d6900000, 0x00000000deb00000, 0x0000000100000000)
  eden space 96768K, 0% used [0x00000000d6900000,0x00000000d6900000,0x00000000dc780000)
  from space 11776K, 99% used [0x00000000dd700000,0x00000000de27c3c8,0x00000000de280000)
  to   space 15872K, 0% used [0x00000000dc780000,0x00000000dc780000,0x00000000dd700000)
 ParOldGen       total 60928K, used 17232K [0x0000000083a00000, 0x0000000087580000, 0x00000000d6900000)
  object space 60928K, 28% used [0x0000000083a00000,0x0000000084ad42d0,0x0000000087580000)
 Metaspace       used 29795K, capacity 30454K, committed 30512K, reserved 1077248K
  class space    used 3491K, capacity 3617K, committed 3632K, reserved 1048576K
}
Event: 6.128 GC heap before
{Heap before GC invocations=10 (full 1):
 PSYoungGen      total 108544K, used 108528K [0x00000000d6900000, 0x00000000deb00000, 0x0000000100000000)
  eden space 96768K, 100% used [0x00000000d6900000,0x00000000dc780000,0x00000000dc780000)
  from space 11776K, 99% used [0x00000000dd700000,0x00000000de27c3c8,0x00000000de280000)
  to   space 15872K, 0% used [0x00000000dc780000,0x00000000dc780000,0x00000000dd700000)
 ParOldGen       total 60928K, used 17232K [0x0000000083a00000, 0x0000000087580000, 0x00000000d6900000)
  object space 60928K, 28% used [0x0000000083a00000,0x0000000084ad42d0,0x0000000087580000)
 Metaspace       used 29890K, capacity 30518K, committed 30768K, reserved 1077248K
  class space    used 3491K, capacity 3617K, committed 3632K, reserved 1048576K
Event: 6.141 GC heap after
Heap after GC invocations=10 (full 1):
 PSYoungGen      total 112640K, used 15866K [0x00000000d6900000, 0x00000000e1780000, 0x0000000100000000)
  eden space 96768K, 0% used [0x00000000d6900000,0x00000000d6900000,0x00000000dc780000)
  from space 15872K, 99% used [0x00000000dc780000,0x00000000dd6fe8c0,0x00000000dd700000)
  to   space 20992K, 0% used [0x00000000e0300000,0x00000000e0300000,0x00000000e1780000)
 ParOldGen       total 60928K, used 25304K [0x0000000083a00000, 0x0000000087580000, 0x00000000d6900000)
  object space 60928K, 41% used [0x0000000083a00000,0x00000000852b6270,0x0000000087580000)
 Metaspace       used 29890K, capacity 30518K, committed 30768K, reserved 1077248K
  class space    used 3491K, capacity 3617K, committed 3632K, reserved 1048576K
}
Event: 6.347 GC heap before
{Heap before GC invocations=11 (full 1):
 PSYoungGen      total 112640K, used 112634K [0x00000000d6900000, 0x00000000e1780000, 0x0000000100000000)
  eden space 96768K, 100% used [0x00000000d6900000,0x00000000dc780000,0x00000000dc780000)
  from space 15872K, 99% used [0x00000000dc780000,0x00000000dd6fe8c0,0x00000000dd700000)
  to   space 20992K, 0% used [0x00000000e0300000,0x00000000e0300000,0x00000000e1780000)
 ParOldGen       total 60928K, used 25304K [0x0000000083a00000, 0x0000000087580000, 0x00000000d6900000)
  object space 60928K, 41% used [0x0000000083a00000,0x00000000852b6270,0x0000000087580000)
 Metaspace       used 29905K, capacity 30528K, committed 30768K, reserved 1077248K
  class space    used 3493K, capacity 3619K, committed 3632K, reserved 1048576K
Event: 6.361 GC heap after
Heap after GC invocations=11 (full 1):
 PSYoungGen      total 156672K, used 15708K [0x00000000d6900000, 0x00000000e1e00000, 0x0000000100000000)
  eden space 135680K, 0% used [0x00000000d6900000,0x00000000d6900000,0x00000000ded80000)
  from space 20992K, 74% used [0x00000000e0300000,0x00000000e1257190,0x00000000e1780000)
  to   space 22016K, 0% used [0x00000000ded80000,0x00000000ded80000,0x00000000e0300000)
 ParOldGen       total 60928K, used 37021K [0x0000000083a00000, 0x0000000087580000, 0x00000000d6900000)
  object space 60928K, 60% used [0x0000000083a00000,0x0000000085e276f8,0x0000000087580000)
 Metaspace       used 29905K, capacity 30528K, committed 30768K, reserved 1077248K
  class space    used 3493K, capacity 3619K, committed 3632K, reserved 1048576K
}
Event: 6.639 GC heap before
{Heap before GC invocations=12 (full 1):
 PSYoungGen      total 156672K, used 151388K [0x00000000d6900000, 0x00000000e1e00000, 0x0000000100000000)
  eden space 135680K, 100% used [0x00000000d6900000,0x00000000ded80000,0x00000000ded80000)
  from space 20992K, 74% used [0x00000000e0300000,0x00000000e1257190,0x00000000e1780000)
  to   space 22016K, 0% used [0x00000000ded80000,0x00000000ded80000,0x00000000e0300000)
 ParOldGen       total 60928K, used 37021K [0x0000000083a00000, 0x0000000087580000, 0x00000000d6900000)
  object space 60928K, 60% used [0x0000000083a00000,0x0000000085e276f8,0x0000000087580000)
 Metaspace       used 29905K, capacity 30528K, committed 30768K, reserved 1077248K
  class space    used 3493K, capacity 3619K, committed 3632K, reserved 1048576K
Event: 6.656 GC heap after
Heap after GC invocations=12 (full 1):
 PSYoungGen      total 157696K, used 18115K [0x00000000d6900000, 0x00000000e5b00000, 0x0000000100000000)
  eden space 135680K, 0% used [0x00000000d6900000,0x00000000d6900000,0x00000000ded80000)
  from space 22016K, 82% used [0x00000000ded80000,0x00000000dff30ca8,0x00000000e0300000)
  to   space 23552K, 0% used [0x00000000e4400000,0x00000000e4400000,0x00000000e5b00000)
 ParOldGen       total 60928K, used 41727K [0x0000000083a00000, 0x0000000087580000, 0x00000000d6900000)
  object space 60928K, 68% used [0x0000000083a00000,0x00000000862bff40,0x0000000087580000)
 Metaspace       used 29905K, capacity 30528K, committed 30768K, reserved 1077248K
  class space    used 3493K, capacity 3619K, committed 3632K, reserved 1048576K
}
Event: 6.946 GC heap before
{Heap before GC invocations=13 (full 1):
 PSYoungGen      total 157696K, used 153795K [0x00000000d6900000, 0x00000000e5b00000, 0x0000000100000000)
  eden space 135680K, 100% used [0x00000000d6900000,0x00000000ded80000,0x00000000ded80000)
  from space 22016K, 82% used [0x00000000ded80000,0x00000000dff30ca8,0x00000000e0300000)
  to   space 23552K, 0% used [0x00000000e4400000,0x00000000e4400000,0x00000000e5b00000)
 ParOldGen       total 60928K, used 41727K [0x0000000083a00000, 0x0000000087580000, 0x00000000d6900000)
  object space 60928K, 68% used [0x0000000083a00000,0x00000000862bff40,0x0000000087580000)
 Metaspace       used 29923K, capacity 30598K, committed 30768K, reserved 1077248K
  class space    used 3495K, capacity 3621K, committed 3632K, reserved 1048576K
Event: 6.958 GC heap after
Heap after GC invocations=13 (full 1):
 PSYoungGen      total 222720K, used 18148K [0x00000000d6900000, 0x00000000e5e00000, 0x0000000100000000)
  eden space 199168K, 0% used [0x00000000d6900000,0x00000000d6900000,0x00000000e2b80000)
  from space 23552K, 77% used [0x00000000e4400000,0x00000000e55b9050,0x00000000e5b00000)
  to   space 25088K, 0% used [0x00000000e2b80000,0x00000000e2b80000,0x00000000e4400000)
 ParOldGen       total 60928K, used 44167K [0x0000000083a00000, 0x0000000087580000, 0x00000000d6900000)
  object space 60928K, 72% used [0x0000000083a00000,0x0000000086521fc0,0x0000000087580000)
 Metaspace       used 29923K, capacity 30598K, committed 30768K, reserved 1077248K
  class space    used 3495K, capacity 3621K, committed 3632K, reserved 1048576K
}

Deoptimization events (10 events):
Event: 5.691 Thread 0x00000000245b8000 Uncommon trap: reason=bimorphic action=maybe_recompile pc=0x0000000003303b20 method=java.util.LinkedHashMap.afterNodeInsertion(Z)V @ 15
Event: 5.720 Thread 0x00000000245b8000 Uncommon trap: reason=unstable_if action=reinterpret pc=0x0000000003a602e8 method=java.util.concurrent.ConcurrentHashMap.replaceNode(Ljava/lang/Object;Ljava/lang/Object;Ljava/lang/Object;)Ljava/lang/Object; @ 47
Event: 5.910 Thread 0x00000000245b8000 Uncommon trap: reason=unstable_if action=reinterpret pc=0x0000000003dac554 method=org.apache.tomcat.util.bcel.classfile.Attribute.readAttribute(Ljava/io/DataInputStream;Lorg/apache/tomcat/util/bcel/classfile/ConstantPool;)Lorg/apache/tomcat/util/bcel/clas
Event: 5.928 Thread 0x00000000245b8000 Uncommon trap: reason=unloaded action=reinterpret pc=0x0000000003db956c method=org.apache.tomcat.util.bcel.classfile.Constant.readConstant(Ljava/io/DataInputStream;)Lorg/apache/tomcat/util/bcel/classfile/Constant; @ 146
Event: 5.928 Thread 0x00000000245b8000 Uncommon trap: reason=unstable_if action=reinterpret pc=0x0000000003d7c7d0 method=org.codehaus.plexus.classworlds.realm.Entry.matches(Ljava/lang/String;)Z @ 209
Event: 6.032 Thread 0x00000000245b8000 Uncommon trap: reason=unloaded action=reinterpret pc=0x0000000003dd361c method=org.apache.tomcat.util.bcel.classfile.Attribute.readAttribute(Ljava/io/DataInputStream;Lorg/apache/tomcat/util/bcel/classfile/ConstantPool;)Lorg/apache/tomcat/util/bcel/classfi
Event: 6.961 Thread 0x0000000019bb1800 Uncommon trap: reason=unstable_if action=reinterpret pc=0x0000000003e3b83c method=java.util.WeakHashMap.expungeStaleEntries()V @ 53
Event: 7.114 Thread 0x00000000245b8000 Uncommon trap: reason=predicate action=maybe_recompile pc=0x00000000031ea968 method=sun.net.www.ParseUtil.encodePath(Ljava/lang/String;Z)Ljava/lang/String; @ 36
Event: 7.114 Thread 0x00000000245b8000 Uncommon trap: reason=unstable_if action=reinterpret pc=0x0000000003d86120 method=java.lang.ClassLoader.getPackage(Ljava/lang/String;)Ljava/lang/Package; @ 60
Event: 7.140 Thread 0x00000000245b8000 Uncommon trap: reason=unstable_if action=reinterpret pc=0x00000000030cf994 method=java.util.StringTokenizer.setMaxDelimCodePoint()V @ 71

Classes redefined (0 events):
No events

Internal exceptions (10 events):
Event: 2.359 Thread 0x0000000002e63000 Implicit null exception at 0x00000000033310ba to 0x0000000003331639
Event: 2.445 Thread 0x0000000002e63000 Implicit null exception at 0x0000000003652d69 to 0x0000000003654325
Event: 3.491 Thread 0x0000000002e63000 Implicit null exception at 0x00000000037b38b6 to 0x00000000037b3975
Event: 3.948 Thread 0x0000000002e63000 Implicit null exception at 0x0000000003a336cd to 0x0000000003a352dd
Event: 3.981 Thread 0x0000000002e63000 Exception <a 'java/lang/ClassNotFoundException': com/sun/tools/javac/api/JavacTool> (0x00000000da77c7a0) thrown at [C:\jenkins\workspace\8-2-build-windows-amd64-cygwin\jdk8u251\737\hotspot\src\share\vm\classfile\systemDictionary.cpp, line 210]
Event: 4.392 Thread 0x0000000002e63000 Exception <a 'java/io/FileNotFoundException'> (0x00000000d7398f60) thrown at [C:\jenkins\workspace\8-2-build-windows-amd64-cygwin\jdk8u251\737\hotspot\src\share\vm\prims\jni.cpp, line 710]
Event: 4.395 Thread 0x0000000002e63000 Exception <a 'java/io/FileNotFoundException'> (0x00000000d73cfaa8) thrown at [C:\jenkins\workspace\8-2-build-windows-amd64-cygwin\jdk8u251\737\hotspot\src\share\vm\prims\jni.cpp, line 710]
Event: 5.095 Thread 0x0000000002e63000 Exception <a 'java/io/FileNotFoundException'> (0x00000000d739f6b0) thrown at [C:\jenkins\workspace\8-2-build-windows-amd64-cygwin\jdk8u251\737\hotspot\src\share\vm\prims\jni.cpp, line 710]
Event: 5.613 Thread 0x00000000245b8000 Implicit null exception at 0x0000000003bac2eb to 0x0000000003bacec5
Event: 5.720 Thread 0x00000000245b8000 Implicit null exception at 0x0000000003a5fb97 to 0x0000000003a602a5

Events (10 events):
Event: 7.142 Thread 0x00000000245b8000 DEOPT PACKING pc=0x00000000034241c0 sp=0x000000002159d780
Event: 7.142 Thread 0x00000000245b8000 DEOPT UNPACKING pc=0x0000000002fa7890 sp=0x000000002159d520 mode 1
Event: 7.142 Thread 0x00000000245b8000 DEOPT PACKING pc=0x000000000394cedc sp=0x000000002159d890
Event: 7.142 Thread 0x00000000245b8000 DEOPT UNPACKING pc=0x0000000002fa7890 sp=0x000000002159d518 mode 1
Event: 7.142 Thread 0x00000000245b8000 DEOPT PACKING pc=0x000000000395a3fc sp=0x000000002159d690
Event: 7.142 Thread 0x00000000245b8000 DEOPT UNPACKING pc=0x0000000002fa7890 sp=0x000000002159d3c8 mode 1
Event: 7.142 Thread 0x00000000245b8000 DEOPT PACKING pc=0x000000000394c3fc sp=0x000000002159d710
Event: 7.142 Thread 0x00000000245b8000 DEOPT UNPACKING pc=0x0000000002fa7890 sp=0x000000002159d4a8 mode 1
Event: 7.142 Thread 0x00000000245b8000 DEOPT PACKING pc=0x000000000394be4c sp=0x000000002159d920
Event: 7.142 Thread 0x00000000245b8000 DEOPT UNPACKING pc=0x0000000002fa7890 sp=0x000000002159d648 mode 1


Dynamic libraries:
0x00007ff763860000 - 0x00007ff763897000 	D:\Develope\Java\jdk1.8.0_251\bin\java.exe
0x00007ffdb3a80000 - 0x00007ffdb3c70000 	C:\Windows\SYSTEM32\ntdll.dll
0x00007ffdb1b30000 - 0x00007ffdb1be2000 	C:\Windows\System32\KERNEL32.DLL
0x00007ffdb0d80000 - 0x00007ffdb1025000 	C:\Windows\System32\KERNELBASE.dll
0x00007ffdb35f0000 - 0x00007ffdb3693000 	C:\Windows\System32\ADVAPI32.dll
0x00007ffdb2b60000 - 0x00007ffdb2bfe000 	C:\Windows\System32\msvcrt.dll
0x00007ffdb26c0000 - 0x00007ffdb2757000 	C:\Windows\System32\sechost.dll
0x00007ffdb2850000 - 0x00007ffdb2970000 	C:\Windows\System32\RPCRT4.dll
0x00007ffdb3450000 - 0x00007ffdb35e4000 	C:\Windows\System32\USER32.dll
0x00007ffdb1a50000 - 0x00007ffdb1a71000 	C:\Windows\System32\win32u.dll
0x00007ffdb25c0000 - 0x00007ffdb25e6000 	C:\Windows\System32\GDI32.dll
0x00007ffdb0be0000 - 0x00007ffdb0d76000 	C:\Windows\System32\gdi32full.dll
0x00007ffdb0a10000 - 0x00007ffdb0aae000 	C:\Windows\System32\msvcp_win.dll
0x00007ffdb1030000 - 0x00007ffdb112a000 	C:\Windows\System32\ucrtbase.dll
0x00007ffd99870000 - 0x00007ffd99af4000 	C:\Windows\WinSxS\amd64_microsoft.windows.common-controls_6595b64144ccf1df_6.0.18362.1139_none_9e7bf2d3e4605ac6\COMCTL32.dll
0x00007ffdb2280000 - 0x00007ffdb25b5000 	C:\Windows\System32\combase.dll
0x00007ffdb1ab0000 - 0x00007ffdb1b30000 	C:\Windows\System32\bcryptPrimitives.dll
0x00007ffdb3750000 - 0x00007ffdb377e000 	C:\Windows\System32\IMM32.DLL
0x0000000061440000 - 0x0000000061512000 	D:\Develope\Java\jdk1.8.0_251\jre\bin\msvcr100.dll
0x0000000060b90000 - 0x000000006143b000 	D:\Develope\Java\jdk1.8.0_251\jre\bin\server\jvm.dll
0x00007ffdb2760000 - 0x00007ffdb2768000 	C:\Windows\System32\PSAPI.DLL
0x00007ffdb0420000 - 0x00007ffdb042a000 	C:\Windows\SYSTEM32\VERSION.dll
0x00007ffd96eb0000 - 0x00007ffd96eb9000 	C:\Windows\SYSTEM32\WSOCK32.dll
0x00007ffdacea0000 - 0x00007ffdacec4000 	C:\Windows\SYSTEM32\WINMM.dll
0x00007ffdb25f0000 - 0x00007ffdb265f000 	C:\Windows\System32\WS2_32.dll
0x00007ffdace70000 - 0x00007ffdace9d000 	C:\Windows\SYSTEM32\WINMMBASE.dll
0x00007ffdb1280000 - 0x00007ffdb12ca000 	C:\Windows\System32\cfgmgr32.dll
0x00007ffd92150000 - 0x00007ffd9215f000 	D:\Develope\Java\jdk1.8.0_251\jre\bin\verify.dll
0x00007ffd8fc40000 - 0x00007ffd8fc69000 	D:\Develope\Java\jdk1.8.0_251\jre\bin\java.dll
0x00007ffdacfc0000 - 0x00007ffdacff5000 	D:\Develope\Java\jdk1.8.0_251\jre\bin\jdwp.dll
0x00007ffdac7a0000 - 0x00007ffdac7a8000 	D:\Develope\Java\jdk1.8.0_251\jre\bin\npt.dll
0x00007ffdac770000 - 0x00007ffdac793000 	D:\Develope\Java\jdk1.8.0_251\jre\bin\instrument.dll
0x00007ffd8f700000 - 0x00007ffd8f716000 	D:\Develope\Java\jdk1.8.0_251\jre\bin\zip.dll
0x00007ffdb2c00000 - 0x00007ffdb32e7000 	C:\Windows\System32\SHELL32.dll
0x00007ffdb2970000 - 0x00007ffdb2a19000 	C:\Windows\System32\shcore.dll
0x00007ffdb12d0000 - 0x00007ffdb1a50000 	C:\Windows\System32\windows.storage.dll
0x00007ffdb0970000 - 0x00007ffdb0993000 	C:\Windows\System32\profapi.dll
0x00007ffdb09a0000 - 0x00007ffdb09ea000 	C:\Windows\System32\powrprof.dll
0x00007ffdb0940000 - 0x00007ffdb0950000 	C:\Windows\System32\UMPDC.dll
0x00007ffdb2060000 - 0x00007ffdb20b2000 	C:\Windows\System32\shlwapi.dll
0x00007ffdb09f0000 - 0x00007ffdb0a01000 	C:\Windows\System32\kernel.appcore.dll
0x00007ffdb0ab0000 - 0x00007ffdb0ac7000 	C:\Windows\System32\cryptsp.dll
0x00007ffdac760000 - 0x00007ffdac769000 	D:\Develope\Java\jdk1.8.0_251\jre\bin\dt_socket.dll
0x00007ffdb0110000 - 0x00007ffdb0177000 	C:\Windows\system32\mswsock.dll
0x00007ffdafc80000 - 0x00007ffdafcb3000 	C:\Windows\system32\rsaenh.dll
0x00007ffdb1a80000 - 0x00007ffdb1aa6000 	C:\Windows\System32\bcrypt.dll
0x00007ffdb0860000 - 0x00007ffdb0885000 	C:\Windows\SYSTEM32\USERENV.dll
0x00007ffdb02e0000 - 0x00007ffdb02ec000 	C:\Windows\SYSTEM32\CRYPTBASE.dll
0x00007ffd8f210000 - 0x00007ffd8f22a000 	D:\Develope\Java\jdk1.8.0_251\jre\bin\net.dll
0x00007ffdafe20000 - 0x00007ffdafe5a000 	C:\Windows\SYSTEM32\IPHLPAPI.DLL
0x00007ffdb3a30000 - 0x00007ffdb3a38000 	C:\Windows\System32\NSI.dll
0x00007ffda2e90000 - 0x00007ffda2ea6000 	C:\Windows\SYSTEM32\dhcpcsvc6.DLL
0x00007ffda2e40000 - 0x00007ffda2e5c000 	C:\Windows\SYSTEM32\dhcpcsvc.DLL
0x00007ffdafe60000 - 0x00007ffdaff2b000 	C:\Windows\SYSTEM32\DNSAPI.dll
0x00007ffda1160000 - 0x00007ffda1172000 	D:\Develope\Java\jdk1.8.0_251\jre\bin\nio.dll
0x00007ffdac750000 - 0x00007ffdac75a000 	C:\Users\M\AppData\Local\Temp\jansi-1.16-3521138014775316327.dll
0x00007ffdac740000 - 0x00007ffdac74a000 	C:\Users\M\AppData\Local\Temp\jansi-1.16-5831478569909496878.dll
0x00007ffdac730000 - 0x00007ffdac73d000 	D:\Develope\Java\jdk1.8.0_251\jre\bin\management.dll
0x00007ffdaf1d0000 - 0x00007ffdaf3c4000 	C:\Windows\SYSTEM32\dbghelp.dll

VM Arguments:
jvm_args: -agentlib:jdwp=transport=dt_socket,address=127.0.0.1:50039,suspend=y,server=n -Dmaven.multiModuleProjectDirectory=D:\doyens\JavaSE\xiaoshixun\deyuan_ssm\deyuan_webb -Dmaven.home=D:\JAVA\apache-maven-3.5.2 -Dclassworlds.conf=D:\JAVA\apache-maven-3.5.2\bin\m2.conf -Dmaven.ext.class.path=D:\Develope\IntelliJ IDEA 2020.1.2\plugins\maven\lib\maven-event-listener.jar -javaagent:C:\Users\M\AppData\Local\JetBrains\IntelliJIdea2020.1\captureAgent\debugger-agent.jar -Dfile.encoding=UTF-8 
java_command: org.codehaus.classworlds.Launcher -Didea.version2020.1.2 -s D:\JAVA\apache-maven-3.5.2\conf\settings.xml clean tomcat7:run
java_class_path (initial): D:\JAVA\apache-maven-3.5.2\boot\plexus-classworlds-2.5.2.jar;D:\Develope\IntelliJ IDEA 2020.1.2\lib\idea_rt.jar;C:\Users\M\AppData\Local\JetBrains\IntelliJIdea2020.1\captureAgent\debugger-agent.jar
Launcher Type: SUN_STANDARD

Environment Variables:
JAVA_HOME=D:\Develope\Java\jdk1.8.0_251
PATH=D:\Oracle\bin;C:\ProgramData\Oracle\Java\javapath;D:\Develope\Java\jdk1.8.0_251\bin;C:\Program Files (x86)\Common Files\Oracle\Java\javapath;C:\Windows\system32;C:\Windows;C:\Windows\System32\Wbem;C:\Windows\System32\WindowsPowerShell\v1.0\;C:\Windows\System32\OpenSSH\;C:\Program Files\NVIDIA Corporation\NVIDIA NvDLISR;D:\software\mysqlservers\bin;D:\apache-maven-3.5.2\bin;D:\software\xiaowugui\bin;D:\software\svnServlet\bin;C:\Users\M\AppData\Local\Microsoft\WindowsApps;
USERNAME=M
OS=Windows_NT
PROCESSOR_IDENTIFIER=Intel64 Family 6 Model 126 Stepping 5, GenuineIntel



---------------  S Y S T E M  ---------------

OS: Windows 10.0 , 64 bit Build 18362 (10.0.18362.1110)

CPU:total 8 (initial active 8) (4 cores per cpu, 2 threads per core) family 6 model 126 stepping 5, cmov, cx8, fxsr, mmx, sse, sse2, sse3, ssse3, sse4.1, sse4.2, popcnt, avx, avx2, aes, clmul, erms, 3dnowpref, lzcnt, ht, tsc, tscinvbit, bmi1, bmi2, adx

Memory: 4k page, physical 8150496k(1643804k free), swap 14179808k(4615272k free)

vm_info: Java HotSpot(TM) 64-Bit Server VM (25.251-b08) for windows-amd64 JRE (1.8.0_251-b08), built on Mar 12 2020 06:31:49 by "" with MS VC++ 10.0 (VS2010)

time: Wed Nov 04 09:50:09 2020
timezone: 中国标准时间
elapsed time: 7 seconds (0d 0h 0m 7s)

